<?xml version="1.0" encoding="UTF-8"?>
<!-- Generated by org.testng.reporters.JUnitReportReporter -->
<testsuite hostname="LAPTOP-FT84V0UI" failures="0" tests="1" name="testAplikasiStaff.run.ModulDaftarAbsensi" time="148.517" errors="0" timestamp="2022-01-29T14:08:42 WIB" skipped="0">
  <testcase classname="testAplikasiStaff.run.ModulDaftarAbsensi" name="testDaftarAbsensi" time="148.517"/>
  <system-out/>
</testsuite> <!-- testAplikasiStaff.run.ModulDaftarAbsensi -->
