<?xml version="1.0" encoding="UTF-8"?>
<!-- Generated by org.testng.reporters.JUnitReportReporter -->
<testsuite hostname="LAPTOP-FT84V0UI" failures="0" tests="1" name="testAplikasiStaff.run.ModulIjin" time="73.490" errors="0" timestamp="2022-01-26T20:44:40 WIB" skipped="0">
  <testcase classname="testAplikasiStaff.run.ModulIjin" name="modulIjin" time="73.490"/>
  <system-out/>
</testsuite> <!-- testAplikasiStaff.run.ModulIjin -->
