<?xml version="1.0" encoding="UTF-8"?>
<!-- Generated by org.testng.reporters.JUnitReportReporter -->
<testsuite hostname="LAPTOP-FT84V0UI" failures="0" tests="1" name="testAplikasiStaff.run.Gabungan" time="254.381" errors="0" timestamp="2022-01-30T04:39:16 WIB" skipped="0">
  <testcase classname="testAplikasiStaff.run.Gabungan" name="modulGabungan" time="254.381"/>
  <system-out/>
</testsuite> <!-- testAplikasiStaff.run.Gabungan -->
